{
  "stats": {
    "suites": 2,
    "tests": 10,
    "passes": 10,
    "pending": 0,
    "failures": 0,
    "start": "2022-06-23T19:46:06.058Z",
    "end": "2022-06-23T19:46:06.215Z",
    "duration": 157,
    "testsRegistered": 10,
    "passPercent": 100,
    "pendingPercent": 0,
    "other": 0,
    "hasOther": false,
    "skipped": 0,
    "hasSkipped": false
  },
  "results": [
    {
      "uuid": "cf1c5b8d-ee96-41d9-a4b3-1ac8ef3518db",
      "title": "",
      "fullFile": "",
      "file": "",
      "beforeHooks": [],
      "afterHooks": [],
      "tests": [],
      "suites": [
        {
          "uuid": "a839753e-d658-45ed-b517-1ddac388b4ad",
          "title": "Create many users",
          "fullFile": "E:\\SE150052\\5_Summer2022\\SWT301\\show-code\\task-manager\\test4\\view-users.js",
          "file": "\\test4\\view-users.js",
          "beforeHooks": [],
          "afterHooks": [],
          "tests": [
            {
              "title": "Create an user",
              "fullTitle": "Create many users Create an user",
              "timedOut": false,
              "duration": 61,
              "state": "passed",
              "speed": "medium",
              "pass": true,
              "fail": false,
              "pending": false,
              "context": null,
              "code": "callback(done, val);",
              "err": {},
              "uuid": "62965f09-58ce-48b3-b30f-a5751d0915d2",
              "parentUUID": "a839753e-d658-45ed-b517-1ddac388b4ad",
              "isHook": false,
              "skipped": false
            },
            {
              "title": "Create an user",
              "fullTitle": "Create many users Create an user",
              "timedOut": false,
              "duration": 7,
              "state": "passed",
              "speed": "fast",
              "pass": true,
              "fail": false,
              "pending": false,
              "context": null,
              "code": "callback(done, val);",
              "err": {},
              "uuid": "1f249925-eda3-49fc-9c29-bab4077ecb29",
              "parentUUID": "a839753e-d658-45ed-b517-1ddac388b4ad",
              "isHook": false,
              "skipped": false
            },
            {
              "title": "Create an user",
              "fullTitle": "Create many users Create an user",
              "timedOut": false,
              "duration": 35,
              "state": "passed",
              "speed": "fast",
              "pass": true,
              "fail": false,
              "pending": false,
              "context": null,
              "code": "callback(done, val);",
              "err": {},
              "uuid": "daa40990-80e7-4536-a3b3-802e3957b8d8",
              "parentUUID": "a839753e-d658-45ed-b517-1ddac388b4ad",
              "isHook": false,
              "skipped": false
            }
          ],
          "suites": [],
          "passes": [
            "62965f09-58ce-48b3-b30f-a5751d0915d2",
            "1f249925-eda3-49fc-9c29-bab4077ecb29",
            "daa40990-80e7-4536-a3b3-802e3957b8d8"
          ],
          "failures": [],
          "pending": [],
          "skipped": [],
          "duration": 103,
          "root": false,
          "rootEmpty": false,
          "_timeout": 2000
        },
        {
          "uuid": "b6bcdb31-f4e4-4060-882a-18d1557002f7",
          "title": "Get many users",
          "fullFile": "E:\\SE150052\\5_Summer2022\\SWT301\\show-code\\task-manager\\test4\\view-users.js",
          "file": "\\test4\\view-users.js",
          "beforeHooks": [],
          "afterHooks": [],
          "tests": [
            {
              "title": "Get an user to check if they found or not",
              "fullTitle": "Get many users Get an user to check if they found or not",
              "timedOut": false,
              "duration": 5,
              "state": "passed",
              "speed": "fast",
              "pass": true,
              "fail": false,
              "pending": false,
              "context": null,
              "code": "callback(done, val);",
              "err": {},
              "uuid": "94f5d370-74e7-4183-aa47-1b38c7474e97",
              "parentUUID": "b6bcdb31-f4e4-4060-882a-18d1557002f7",
              "isHook": false,
              "skipped": false
            },
            {
              "title": "Get an user to check if they found or not",
              "fullTitle": "Get many users Get an user to check if they found or not",
              "timedOut": false,
              "duration": 3,
              "state": "passed",
              "speed": "fast",
              "pass": true,
              "fail": false,
              "pending": false,
              "context": null,
              "code": "callback(done, val);",
              "err": {},
              "uuid": "12c57c71-d503-40fa-a38f-8add9c94942f",
              "parentUUID": "b6bcdb31-f4e4-4060-882a-18d1557002f7",
              "isHook": false,
              "skipped": false
            },
            {
              "title": "Get an user to check if they found or not",
              "fullTitle": "Get many users Get an user to check if they found or not",
              "timedOut": false,
              "duration": 6,
              "state": "passed",
              "speed": "fast",
              "pass": true,
              "fail": false,
              "pending": false,
              "context": null,
              "code": "callback(done, val);",
              "err": {},
              "uuid": "a1a2a8fb-089d-46cf-829c-c6449c4aadb6",
              "parentUUID": "b6bcdb31-f4e4-4060-882a-18d1557002f7",
              "isHook": false,
              "skipped": false
            },
            {
              "title": "Get an user to check if they found or not",
              "fullTitle": "Get many users Get an user to check if they found or not",
              "timedOut": false,
              "duration": 4,
              "state": "passed",
              "speed": "fast",
              "pass": true,
              "fail": false,
              "pending": false,
              "context": null,
              "code": "callback(done, val);",
              "err": {},
              "uuid": "4d18db07-a9f4-416f-9618-7becda433ca7",
              "parentUUID": "b6bcdb31-f4e4-4060-882a-18d1557002f7",
              "isHook": false,
              "skipped": false
            },
            {
              "title": "Get an user to check if they found or not",
              "fullTitle": "Get many users Get an user to check if they found or not",
              "timedOut": false,
              "duration": 5,
              "state": "passed",
              "speed": "fast",
              "pass": true,
              "fail": false,
              "pending": false,
              "context": null,
              "code": "callback(done, val);",
              "err": {},
              "uuid": "baa20a31-afdc-4963-9700-b6156e8f2971",
              "parentUUID": "b6bcdb31-f4e4-4060-882a-18d1557002f7",
              "isHook": false,
              "skipped": false
            },
            {
              "title": "Get an user to check if they found or not",
              "fullTitle": "Get many users Get an user to check if they found or not",
              "timedOut": false,
              "duration": 7,
              "state": "passed",
              "speed": "fast",
              "pass": true,
              "fail": false,
              "pending": false,
              "context": null,
              "code": "callback(done, val);",
              "err": {},
              "uuid": "3774cce9-d7f5-4090-b316-991802ea9582",
              "parentUUID": "b6bcdb31-f4e4-4060-882a-18d1557002f7",
              "isHook": false,
              "skipped": false
            },
            {
              "title": "Get an user to check if they found or not",
              "fullTitle": "Get many users Get an user to check if they found or not",
              "timedOut": false,
              "duration": 5,
              "state": "passed",
              "speed": "fast",
              "pass": true,
              "fail": false,
              "pending": false,
              "context": null,
              "code": "callback(done, val);",
              "err": {},
              "uuid": "dda1800e-b934-4fee-8f61-7c9eb3e3a784",
              "parentUUID": "b6bcdb31-f4e4-4060-882a-18d1557002f7",
              "isHook": false,
              "skipped": false
            }
          ],
          "suites": [],
          "passes": [
            "94f5d370-74e7-4183-aa47-1b38c7474e97",
            "12c57c71-d503-40fa-a38f-8add9c94942f",
            "a1a2a8fb-089d-46cf-829c-c6449c4aadb6",
            "4d18db07-a9f4-416f-9618-7becda433ca7",
            "baa20a31-afdc-4963-9700-b6156e8f2971",
            "3774cce9-d7f5-4090-b316-991802ea9582",
            "dda1800e-b934-4fee-8f61-7c9eb3e3a784"
          ],
          "failures": [],
          "pending": [],
          "skipped": [],
          "duration": 35,
          "root": false,
          "rootEmpty": false,
          "_timeout": 2000
        }
      ],
      "passes": [],
      "failures": [],
      "pending": [],
      "skipped": [],
      "duration": 0,
      "root": true,
      "rootEmpty": true,
      "_timeout": 2000
    }
  ],
  "meta": {
    "mocha": {
      "version": "10.0.0"
    },
    "mochawesome": {
      "options": {
        "quiet": false,
        "reportFilename": "mochawesome",
        "saveHtml": true,
        "saveJson": true,
        "consoleReporter": "spec",
        "useInlineDiffs": false,
        "code": true
      },
      "version": "7.1.3"
    },
    "marge": {
      "options": null,
      "version": "6.2.0"
    }
  }
}