{
  "stats": {
    "suites": 4,
    "tests": 13,
    "passes": 13,
    "pending": 0,
    "failures": 0,
    "start": "2022-06-22T04:20:04.781Z",
    "end": "2022-06-22T04:20:05.380Z",
    "duration": 599,
    "testsRegistered": 13,
    "passPercent": 100,
    "pendingPercent": 0,
    "other": 0,
    "hasOther": false,
    "skipped": 0,
    "hasSkipped": false
  },
  "results": [
    {
      "uuid": "540d8dee-fb39-4a18-8b76-59347523dc98",
      "title": "",
      "fullFile": "",
      "file": "",
      "beforeHooks": [],
      "afterHooks": [],
      "tests": [],
      "suites": [
        {
          "uuid": "2621a837-08f2-4607-9dea-a388ab737b0a",
          "title": "Creating Users in MongoDB",
          "fullFile": "E:\\SE150052\\5_Summer2022\\SWT301\\show-code\\task-manager\\test1\\1-create-user.js",
          "file": "\\test1\\1-create-user.js",
          "beforeHooks": [],
          "afterHooks": [],
          "tests": [
            {
              "title": "It will success creates the 1st user, with status 201, user count = 1, return name = 'Sudoer'",
              "fullTitle": "Creating Users in MongoDB It will success creates the 1st user, with status 201, user count = 1, return name = 'Sudoer'",
              "timedOut": false,
              "duration": 237,
              "state": "passed",
              "speed": "slow",
              "pass": true,
              "fail": false,
              "pending": false,
              "context": null,
              "code": "chai.request(app)\n    .post(\"/users\")\n    .send(newUser)                      //name = Sudoer\n    .end((err, res) => {\n        res.should.have.status(201)\n        res.body.user.name.should.eql('Sudoer')\n        countUser((count) => {\n            count.should.eql(1)         //user count = 1\n            done()\n        })\n    })",
              "err": {},
              "uuid": "f3538223-aece-46a4-aee2-7c7f417063cb",
              "parentUUID": "2621a837-08f2-4607-9dea-a388ab737b0a",
              "isHook": false,
              "skipped": false
            },
            {
              "title": "It will fail creates a new user because the user' email exists, and user count = 1, status 400",
              "fullTitle": "Creating Users in MongoDB It will fail creates a new user because the user' email exists, and user count = 1, status 400",
              "timedOut": false,
              "duration": 30,
              "state": "passed",
              "speed": "fast",
              "pass": true,
              "fail": false,
              "pending": false,
              "context": null,
              "code": "chai.request(app)\n    .post(\"/users\")\n    .send(newUser)      \n    .end((err, res) => {\n        res.should.have.status(400)\n        countUser((count) => {\n            count.should.eql(1)         //user count = 1\n            done()\n        })\n    })",
              "err": {},
              "uuid": "8cb29f4c-bbaf-4c58-8da5-3ad767c46da5",
              "parentUUID": "2621a837-08f2-4607-9dea-a388ab737b0a",
              "isHook": false,
              "skipped": false
            },
            {
              "title": "It will success creates the 2nd user, and user count = 2, status 201, return name='Harry'",
              "fullTitle": "Creating Users in MongoDB It will success creates the 2nd user, and user count = 2, status 201, return name='Harry'",
              "timedOut": false,
              "duration": 57,
              "state": "passed",
              "speed": "medium",
              "pass": true,
              "fail": false,
              "pending": false,
              "context": null,
              "code": "chai.request(app)\n    .post(\"/users\")\n    .send(newUser1)                     //name = Harry\n    .end((err, res) => {\n        res.should.have.status(201)\n        res.body.user.name.should.eql('Harry')\n        countUser((count) => {\n            count.should.eql(2)         //user count = 2\n            done()\n        })\n    })",
              "err": {},
              "uuid": "3f3809ae-2a65-4eca-a89c-3e473b483c07",
              "parentUUID": "2621a837-08f2-4607-9dea-a388ab737b0a",
              "isHook": false,
              "skipped": false
            },
            {
              "title": "It will fail because lack of password field, and user count = 2, status 400, message: Path 'password' is required",
              "fullTitle": "Creating Users in MongoDB It will fail because lack of password field, and user count = 2, status 400, message: Path 'password' is required",
              "timedOut": false,
              "duration": 18,
              "state": "passed",
              "speed": "fast",
              "pass": true,
              "fail": false,
              "pending": false,
              "context": null,
              "code": "chai.request(app)\n    .post(\"/users\")\n    .send(newUser2)\n    .end((err, res) => {\n        res.should.have.status(400)\n        res.body.errors.password.message.should.eql(\"Path `password` is required.\")\n        countUser((count) => {\n            count.should.eql(2)         //user count = 2\n            done()\n        })\n    })",
              "err": {},
              "uuid": "6c63d44b-3963-434a-8988-ac92467519b2",
              "parentUUID": "2621a837-08f2-4607-9dea-a388ab737b0a",
              "isHook": false,
              "skipped": false
            }
          ],
          "suites": [],
          "passes": [
            "f3538223-aece-46a4-aee2-7c7f417063cb",
            "8cb29f4c-bbaf-4c58-8da5-3ad767c46da5",
            "3f3809ae-2a65-4eca-a89c-3e473b483c07",
            "6c63d44b-3963-434a-8988-ac92467519b2"
          ],
          "failures": [],
          "pending": [],
          "skipped": [],
          "duration": 342,
          "root": false,
          "rootEmpty": false,
          "_timeout": 2000
        },
        {
          "uuid": "f779d893-1ee1-47a0-a673-57b27c010af6",
          "title": "Get Users in MongoDB",
          "fullFile": "E:\\SE150052\\5_Summer2022\\SWT301\\show-code\\task-manager\\test1\\2-view-user.js",
          "file": "\\test1\\2-view-user.js",
          "beforeHooks": [],
          "afterHooks": [],
          "tests": [
            {
              "title": "It will success get all the users, with status 200, respone will be an array, user count = array length = 2",
              "fullTitle": "Get Users in MongoDB It will success get all the users, with status 200, respone will be an array, user count = array length = 2",
              "timedOut": false,
              "duration": 33,
              "state": "passed",
              "speed": "fast",
              "pass": true,
              "fail": false,
              "pending": false,
              "context": null,
              "code": "chai.request(app)\n    .get(\"/users/all\")\n    .end((err, res) => {\n        res.should.have.status(200)\n        res.body.should.be.a('array')\n        countUser((count) => {\n            count.should.eql(res.body.length)           //  user count == array length ?\n            done()\n        })\n    })",
              "err": {},
              "uuid": "d44110f8-6dfc-432d-814a-39aba703d0bf",
              "parentUUID": "f779d893-1ee1-47a0-a673-57b27c010af6",
              "isHook": false,
              "skipped": false
            },
            {
              "title": "It will success get a the user name \"Harry\", with status 200, response body object have name \"Harry\"",
              "fullTitle": "Get Users in MongoDB It will success get a the user name \"Harry\", with status 200, response body object have name \"Harry\"",
              "timedOut": false,
              "duration": 16,
              "state": "passed",
              "speed": "fast",
              "pass": true,
              "fail": false,
              "pending": false,
              "context": null,
              "code": "chai.request(app)\n    .get(\"/users/Harry\")\n    .end((err, res) => {\n        res.should.have.status(200)\n        res.body.name.should.eql('Harry')\n        done()\n    })",
              "err": {},
              "uuid": "4b619336-aa3c-42b4-b07e-e693bf471d0e",
              "parentUUID": "f779d893-1ee1-47a0-a673-57b27c010af6",
              "isHook": false,
              "skipped": false
            },
            {
              "title": "It will fail to get a the user name \"Peter\", with status 404, response body is an object {} with error message \"User not found\"",
              "fullTitle": "Get Users in MongoDB It will fail to get a the user name \"Peter\", with status 404, response body is an object {} with error message \"User not found\"",
              "timedOut": false,
              "duration": 15,
              "state": "passed",
              "speed": "fast",
              "pass": true,
              "fail": false,
              "pending": false,
              "context": null,
              "code": "chai.request(app)\n    .get(\"/users/Peter\")\n    .end((err, res) => {\n        res.should.have.status(404)\n        res.body.error.should.eql(\"User not found\")\n        done()\n    })",
              "err": {},
              "uuid": "46d05725-83bd-4b62-95f6-f1eec1728944",
              "parentUUID": "f779d893-1ee1-47a0-a673-57b27c010af6",
              "isHook": false,
              "skipped": false
            }
          ],
          "suites": [],
          "passes": [
            "d44110f8-6dfc-432d-814a-39aba703d0bf",
            "4b619336-aa3c-42b4-b07e-e693bf471d0e",
            "46d05725-83bd-4b62-95f6-f1eec1728944"
          ],
          "failures": [],
          "pending": [],
          "skipped": [],
          "duration": 64,
          "root": false,
          "rootEmpty": false,
          "_timeout": 2000
        },
        {
          "uuid": "49bf0bd5-c921-4795-9cb1-a274ebd3a5e6",
          "title": "Updating Users in MongoDB",
          "fullFile": "E:\\SE150052\\5_Summer2022\\SWT301\\show-code\\task-manager\\test1\\3-update-user.js",
          "file": "\\test1\\3-update-user.js",
          "beforeHooks": [],
          "afterHooks": [],
          "tests": [
            {
              "title": "It will success update the user \"Harry\" to \"Mike\" with age=30 , with status 200, user count = 2",
              "fullTitle": "Updating Users in MongoDB It will success update the user \"Harry\" to \"Mike\" with age=30 , with status 200, user count = 2",
              "timedOut": false,
              "duration": 39,
              "state": "passed",
              "speed": "medium",
              "pass": true,
              "fail": false,
              "pending": false,
              "context": null,
              "code": "chai.request(app)\n    .patch(\"/users/Harry\")\n    .send(newUpdate)                      //name = Mike\n    .end((err, res) => {\n        res.should.have.status(200)\n        res.body.name.should.eql('Mike')    //Harry -> Mike\n        res.body.age.should.eql(30)         // 18 -> 30\n        countUser((count) => {\n            count.should.eql(2)         //user count = 2\n            done()\n        })\n    })",
              "err": {},
              "uuid": "414aebdb-2299-4327-8351-d3de3ba82666",
              "parentUUID": "49bf0bd5-c921-4795-9cb1-a274ebd3a5e6",
              "isHook": false,
              "skipped": false
            },
            {
              "title": "It will fail to update the user because invalid input (phone) , with status 400, user count = 2, respone an object with error \"Invalid updates",
              "fullTitle": "Updating Users in MongoDB It will fail to update the user because invalid input (phone) , with status 400, user count = 2, respone an object with error \"Invalid updates",
              "timedOut": false,
              "duration": 17,
              "state": "passed",
              "speed": "fast",
              "pass": true,
              "fail": false,
              "pending": false,
              "context": null,
              "code": "chai.request(app)\n    .patch(\"/users/Sudoer\")\n    .send(failUpate)                      \n    .end((err, res) => {\n        res.should.have.status(400)\n        res.body.error.should.eql('Invalid updates')    \n        countUser((count) => {\n            count.should.eql(2)         //user count = 2\n            done()\n        })\n    })",
              "err": {},
              "uuid": "6cef50a8-6c13-4ef4-a423-c9898496c4ab",
              "parentUUID": "49bf0bd5-c921-4795-9cb1-a274ebd3a5e6",
              "isHook": false,
              "skipped": false
            },
            {
              "title": "It will fail to update because the updated email already existed , with status 400, user count = 2, respone an object with codename \"DuplicateKey\"",
              "fullTitle": "Updating Users in MongoDB It will fail to update because the updated email already existed , with status 400, user count = 2, respone an object with codename \"DuplicateKey\"",
              "timedOut": false,
              "duration": 34,
              "state": "passed",
              "speed": "fast",
              "pass": true,
              "fail": false,
              "pending": false,
              "context": null,
              "code": "chai.request(app)\n    .patch(\"/users/Sudoer\")\n    .send({email:\"harry@com.vn\"})                      \n    .end((err, res) => {\n        res.should.have.status(400)\n        res.body.codeName.should.eql('DuplicateKey')  \n        countUser((count) => {\n            count.should.eql(2)         //user count = 2\n            done()\n        })\n    })",
              "err": {},
              "uuid": "6f562abe-81fb-4ad6-aeae-ee6394197bae",
              "parentUUID": "49bf0bd5-c921-4795-9cb1-a274ebd3a5e6",
              "isHook": false,
              "skipped": false
            },
            {
              "title": "It will fail to update because user name (Mopp) not found , with status 404, user count = 2, respone an object with error \"User not found\"",
              "fullTitle": "Updating Users in MongoDB It will fail to update because user name (Mopp) not found , with status 404, user count = 2, respone an object with error \"User not found\"",
              "timedOut": false,
              "duration": 16,
              "state": "passed",
              "speed": "fast",
              "pass": true,
              "fail": false,
              "pending": false,
              "context": null,
              "code": "chai.request(app)\n    .patch(\"/users/Mopp\")\n    .send(newUpdate)                      \n    .end((err, res) => {\n        res.should.have.status(404)\n        res.body.error.should.eql('User not found')  \n        countUser((count) => {\n            count.should.eql(2)         //user count = 2\n            done()\n        })\n    })",
              "err": {},
              "uuid": "329ac890-e8ee-4594-9de3-7aaf7b353664",
              "parentUUID": "49bf0bd5-c921-4795-9cb1-a274ebd3a5e6",
              "isHook": false,
              "skipped": false
            }
          ],
          "suites": [],
          "passes": [
            "414aebdb-2299-4327-8351-d3de3ba82666",
            "6cef50a8-6c13-4ef4-a423-c9898496c4ab",
            "6f562abe-81fb-4ad6-aeae-ee6394197bae",
            "329ac890-e8ee-4594-9de3-7aaf7b353664"
          ],
          "failures": [],
          "pending": [],
          "skipped": [],
          "duration": 106,
          "root": false,
          "rootEmpty": false,
          "_timeout": 2000
        },
        {
          "uuid": "ed88fb7a-8954-4d83-b031-3b7f57a2e4c2",
          "title": "Delete Users in MongoDB",
          "fullFile": "E:\\SE150052\\5_Summer2022\\SWT301\\show-code\\task-manager\\test1\\4-delete-user.js",
          "file": "\\test1\\4-delete-user.js",
          "beforeHooks": [],
          "afterHooks": [],
          "tests": [
            {
              "title": "It will fail delete because not found user name \"Mopp\" , with status 404, response body is an object with error message \"User not found\", user count = 2",
              "fullTitle": "Delete Users in MongoDB It will fail delete because not found user name \"Mopp\" , with status 404, response body is an object with error message \"User not found\", user count = 2",
              "timedOut": false,
              "duration": 12,
              "state": "passed",
              "speed": "fast",
              "pass": true,
              "fail": false,
              "pending": false,
              "context": null,
              "code": "chai.request(app)\n    .delete(\"/users/Mopp\")\n    .end((err, res) => {\n        res.should.have.status(404)\n        res.body.should.be.a('object')\n        res.body.error.should.eql(\"User not found\")\n        countUser((count) => {\n            count.should.eql(2)           \n            done()\n        })\n    })",
              "err": {},
              "uuid": "a643ccfd-2e39-4287-a86f-801a152e66c3",
              "parentUUID": "ed88fb7a-8954-4d83-b031-3b7f57a2e4c2",
              "isHook": false,
              "skipped": false
            },
            {
              "title": "It will success delete an user with name \"Mike\", with status 200, respone will be an object contain user whose name \"Mike\", user count = 1",
              "fullTitle": "Delete Users in MongoDB It will success delete an user with name \"Mike\", with status 200, respone will be an object contain user whose name \"Mike\", user count = 1",
              "timedOut": false,
              "duration": 11,
              "state": "passed",
              "speed": "fast",
              "pass": true,
              "fail": false,
              "pending": false,
              "context": null,
              "code": "chai.request(app)\n    .delete(\"/users/Mike\")\n    .end((err, res) => {\n        res.should.have.status(200)\n        res.body.should.be.a('object')\n        res.body.name.should.eql('Mike')\n        countUser((count) => {\n            count.should.eql(1)           \n            done()\n        })\n    })",
              "err": {},
              "uuid": "b359f306-b070-45ed-bff5-5d0fbfa5e3e0",
              "parentUUID": "ed88fb7a-8954-4d83-b031-3b7f57a2e4c2",
              "isHook": false,
              "skipped": false
            }
          ],
          "suites": [],
          "passes": [
            "a643ccfd-2e39-4287-a86f-801a152e66c3",
            "b359f306-b070-45ed-bff5-5d0fbfa5e3e0"
          ],
          "failures": [],
          "pending": [],
          "skipped": [],
          "duration": 23,
          "root": false,
          "rootEmpty": false,
          "_timeout": 2000
        }
      ],
      "passes": [],
      "failures": [],
      "pending": [],
      "skipped": [],
      "duration": 0,
      "root": true,
      "rootEmpty": true,
      "_timeout": 2000
    }
  ],
  "meta": {
    "mocha": {
      "version": "10.0.0"
    },
    "mochawesome": {
      "options": {
        "quiet": false,
        "reportFilename": "mochawesome",
        "saveHtml": true,
        "saveJson": true,
        "consoleReporter": "spec",
        "useInlineDiffs": false,
        "code": true
      },
      "version": "7.1.3"
    },
    "marge": {
      "options": null,
      "version": "6.2.0"
    }
  }
}